Using pre-set license
Built from '2021.3/china_unity/release' branch; Version is '2021.3.6f1c1 (07401303b748) revision 475155'; Using compiler version '192829333'; Build Type 'Release'
OS: 'Windows 10  (10.0.19044) 64bit CoreCountrySpecific' Language: 'zh' Physical Memory: 32469 MB
BatchMode: 1, IsHumanControllingUs: 0, StartBugReporterOnCrash: 0, Is64bit: 1, IsPro: 1

COMMAND LINE ARGUMENTS:
C:\Program Files\Unity\Hub\Editor\2021.3.6f1c1\Editor\Unity.exe
-adb2
-batchMode
-noUpm
-name
AssetImportWorker0
-projectPath
C:/Users/MSI-NB/Documents/GitHub/HighOrderCognition
-logFile
Logs/AssetImportWorker0.log
-srvPort
59222
Successfully changed project path to: C:/Users/MSI-NB/Documents/GitHub/HighOrderCognition
C:/Users/MSI-NB/Documents/GitHub/HighOrderCognition
[UnityMemory] Configuration Parameters - Can be set up in boot.config
    "memorysetup-bucket-allocator-granularity=16"
    "memorysetup-bucket-allocator-bucket-count=8"
    "memorysetup-bucket-allocator-block-size=33554432"
    "memorysetup-bucket-allocator-block-count=8"
    "memorysetup-main-allocator-block-size=16777216"
    "memorysetup-thread-allocator-block-size=16777216"
    "memorysetup-gfx-main-allocator-block-size=16777216"
    "memorysetup-gfx-thread-allocator-block-size=16777216"
    "memorysetup-cache-allocator-block-size=4194304"
    "memorysetup-typetree-allocator-block-size=2097152"
    "memorysetup-profiler-bucket-allocator-granularity=16"
    "memorysetup-profiler-bucket-allocator-bucket-count=8"
    "memorysetup-profiler-bucket-allocator-block-size=33554432"
    "memorysetup-profiler-bucket-allocator-block-count=8"
    "memorysetup-profiler-allocator-block-size=16777216"
    "memorysetup-profiler-editor-allocator-block-size=1048576"
    "memorysetup-temp-allocator-size-main=16777216"
    "memorysetup-job-temp-allocator-block-size=2097152"
    "memorysetup-job-temp-allocator-block-size-background=1048576"
    "memorysetup-job-temp-allocator-reduction-small-platforms=262144"
    "memorysetup-temp-allocator-size-background-worker=32768"
    "memorysetup-temp-allocator-size-job-worker=262144"
    "memorysetup-temp-allocator-size-preload-manager=33554432"
    "memorysetup-temp-allocator-size-nav-mesh-worker=65536"
    "memorysetup-temp-allocator-size-audio-worker=65536"
    "memorysetup-temp-allocator-size-cloud-worker=32768"
    "memorysetup-temp-allocator-size-gi-baking-worker=262144"
    "memorysetup-temp-allocator-size-gfx=262144"
AS: AutoStreaming module initializing.
Refreshing native plugins compatible for Editor in 85.93 ms, found 4 plugins.
Preloading 0 native plugins for Editor in 0.00 ms.
Initialize engine version: 2021.3.6f1c1 (07401303b748)
[Subsystems] Discovering subsystems at path C:/Program Files/Unity/Hub/Editor/2021.3.6f1c1/Editor/Data/Resources/UnitySubsystems
[Subsystems] Discovering subsystems at path C:/Users/MSI-NB/Documents/GitHub/HighOrderCognition/Assets
GfxDevice: creating device client; threaded=0; jobified=0
Direct3D:
    Version:  Direct3D 11.0 [level 11.1]
    Renderer: NVIDIA GeForce RTX 3070 Laptop GPU (ID=0x249d)
    Vendor:   NVIDIA
    VRAM:     8044 MB
    Driver:   30.0.14.9729
Initialize mono
Mono path[0] = 'C:/Program Files/Unity/Hub/Editor/2021.3.6f1c1/Editor/Data/Managed'
Mono path[1] = 'C:/Program Files/Unity/Hub/Editor/2021.3.6f1c1/Editor/Data/MonoBleedingEdge/lib/mono/unityjit-win32'
Mono config path = 'C:/Program Files/Unity/Hub/Editor/2021.3.6f1c1/Editor/Data/MonoBleedingEdge/etc'
Using monoOptions --debugger-agent=transport=dt_socket,embedding=1,server=y,suspend=n,address=127.0.0.1:56992
Begin MonoManager ReloadAssembly
Registering precompiled unity dll's ...
Register platform support module: C:/Program Files/Unity/Hub/Editor/2021.3.6f1c1/Editor/Data/PlaybackEngines/WindowsStandaloneSupport/UnityEditor.WindowsStandalone.Extensions.dll
Registered in 0.005378 seconds.
Native extension for WindowsStandalone target not found
Refreshing native plugins compatible for Editor in 86.42 ms, found 4 plugins.
Preloading 0 native plugins for Editor in 0.00 ms.
Mono: successfully reloaded assembly
- Completed reload, in  0.557 seconds
Domain Reload Profiling:
	ReloadAssembly (558ms)
		BeginReloadAssembly (65ms)
			ExecutionOrderSort (0ms)
			DisableScriptedObjects (0ms)
			BackupInstance (0ms)
			ReleaseScriptingObjects (0ms)
			CreateAndSetChildDomain (1ms)
		EndReloadAssembly (396ms)
			LoadAssemblies (61ms)
			RebuildTransferFunctionScriptingTraits (0ms)
			SetupTypeCache (88ms)
			ReleaseScriptCaches (0ms)
			RebuildScriptCaches (24ms)
			SetupLoadedEditorAssemblies (237ms)
				LogAssemblyErrors (0ms)
				InitializePlatformSupportModulesInManaged (7ms)
				SetLoadedEditorAssemblies (0ms)
				RefreshPlugins (87ms)
				BeforeProcessingInitializeOnLoad (1ms)
				ProcessInitializeOnLoadAttributes (99ms)
				ProcessInitializeOnLoadMethodAttributes (43ms)
				AfterProcessingInitializeOnLoad (0ms)
				EditorAssembliesLoaded (0ms)
			ExecutionOrderSort2 (0ms)
			AwakeInstancesAfterBackupRestoration (0ms)
Platform modules already initialized, skipping
Registering precompiled user dll's ...
Registered in 0.013261 seconds.
Begin MonoManager ReloadAssembly
Symbol file LoadedFromMemory doesn't match image C:\Users\MSI-NB\Documents\GitHub\HighOrderCognition\Library\PackageCache\com.unity.visualscripting@1.7.8\Editor\VisualScripting.Core\Dependencies\YamlDotNet\Unity.VisualScripting.YamlDotNet.dll
Symbol file LoadedFromMemory doesn't match image C:\Users\MSI-NB\Documents\GitHub\HighOrderCognition\Library\PackageCache\com.unity.visualscripting@1.7.8\Editor\VisualScripting.Core\Dependencies\DotNetZip\Unity.VisualScripting.IonicZip.dll
Native extension for WindowsStandalone target not found
Refreshing native plugins compatible for Editor in 86.33 ms, found 4 plugins.
Preloading 0 native plugins for Editor in 0.00 ms.
Mono: successfully reloaded assembly
- Completed reload, in  1.051 seconds
Domain Reload Profiling:
	ReloadAssembly (1052ms)
		BeginReloadAssembly (97ms)
			ExecutionOrderSort (0ms)
			DisableScriptedObjects (5ms)
			BackupInstance (0ms)
			ReleaseScriptingObjects (0ms)
			CreateAndSetChildDomain (16ms)
		EndReloadAssembly (834ms)
			LoadAssemblies (76ms)
			RebuildTransferFunctionScriptingTraits (0ms)
			SetupTypeCache (225ms)
			ReleaseScriptCaches (1ms)
			RebuildScriptCaches (47ms)
			SetupLoadedEditorAssemblies (430ms)
				LogAssemblyErrors (0ms)
				InitializePlatformSupportModulesInManaged (4ms)
				SetLoadedEditorAssemblies (0ms)
				RefreshPlugins (86ms)
				BeforeProcessingInitializeOnLoad (91ms)
				ProcessInitializeOnLoadAttributes (193ms)
				ProcessInitializeOnLoadMethodAttributes (37ms)
				AfterProcessingInitializeOnLoad (17ms)
				EditorAssembliesLoaded (0ms)
			ExecutionOrderSort2 (0ms)
			AwakeInstancesAfterBackupRestoration (8ms)
Platform modules already initialized, skipping
========================================================================
Worker process is ready to serve import requests
Launched and connected shader compiler UnityShaderCompiler.exe after 0.05 seconds
Refreshing native plugins compatible for Editor in 0.71 ms, found 4 plugins.
Preloading 0 native plugins for Editor in 0.00 ms.
Unloading 4059 Unused Serialized files (Serialized files now loaded: 0)
Unloading 38 unused Assets / (55.3 KB). Loaded Objects now: 4516.
Memory consumption went from 151.1 MB to 151.0 MB.
Total: 2.809900 ms (FindLiveObjects: 0.264800 ms CreateObjectMapping: 0.107400 ms MarkObjects: 2.345700 ms  DeleteObjects: 0.091100 ms)

AssetImportParameters requested are different than current active one (requested -> active):
  custom:video-decoder-ogg-theora: a1e56fd34408186e4bbccfd4996cb3dc -> 
  custom:container-muxer-webm: aa71ff27fc2769a1b78a27578f13a17b -> 
  custom:container-demuxer-webm: 4f35f7cbe854078d1ac9338744f61a02 -> 
  custom:video-encoder-webm-vp8: eb34c28f22e8b96e1ab97ce403110664 -> 
  custom:audio-encoder-webm-vorbis: bf7c407c2cedff20999df2af8eb42d56 -> 
  custom:framework-win-MediaFoundation: 216162199b28c13a410421893ffa2e32 -> 
  custom:container-demuxer-ogg: 62fdf1f143b41e24485cea50d1cbac27 -> 
  custom:video-decoder-webm-vp8: 9c59270c3fd7afecdb556c50c9e8de78 -> 
  custom:audio-decoder-ogg-vorbis: bf7c407c2cedff20999df2af8eb42d56 -> 
========================================================================
Received Import Request.
  Time since last request: 289335.565730 seconds.
  path: Assets/Arts/Attack_normal/普通攻击-6.png
  artifactKey: Guid(d883f7dfd2f42b646a5a722f3f2a1be7) Importer(815301076,1909f56bfc062723c751e8b465ee728b)
Start importing Assets/Arts/Attack_normal/普通攻击-6.png using Guid(d883f7dfd2f42b646a5a722f3f2a1be7) Importer(815301076,1909f56bfc062723c751e8b465ee728b)  -> (artifact id: '004deb91f01564593f845e0e8c0ffdf9') in 0.201755 seconds 
========================================================================
Received Import Request.
  Time since last request: 0.000039 seconds.
  path: Assets/Arts/Attack_normal/普通攻击-1.png
  artifactKey: Guid(e2800a032c53f2447ae0387c6371bc9f) Importer(815301076,1909f56bfc062723c751e8b465ee728b)
Start importing Assets/Arts/Attack_normal/普通攻击-1.png using Guid(e2800a032c53f2447ae0387c6371bc9f) Importer(815301076,1909f56bfc062723c751e8b465ee728b)  -> (artifact id: '4985b3be43d3d3cf6a0faf33a3e73924') in 0.081736 seconds 
========================================================================
Received Import Request.
  Time since last request: 0.000032 seconds.
  path: Assets/Arts/Attack_Release/普通攻击收手-2.png
  artifactKey: Guid(5019c0b8c9cda7d43befb1f39eb24886) Importer(815301076,1909f56bfc062723c751e8b465ee728b)
Start importing Assets/Arts/Attack_Release/普通攻击收手-2.png using Guid(5019c0b8c9cda7d43befb1f39eb24886) Importer(815301076,1909f56bfc062723c751e8b465ee728b)  -> (artifact id: '20be9769db2aedd7e140701fd64b85cd') in 0.087749 seconds 
========================================================================
Received Import Request.
  Time since last request: 0.000026 seconds.
  path: Assets/Arts/Attack_normal/普通攻击-13.png
  artifactKey: Guid(7054d69b2c060664d9002a56bc4c2875) Importer(815301076,1909f56bfc062723c751e8b465ee728b)
Start importing Assets/Arts/Attack_normal/普通攻击-13.png using Guid(7054d69b2c060664d9002a56bc4c2875) Importer(815301076,1909f56bfc062723c751e8b465ee728b)  -> (artifact id: 'd47da88f40711c6b5be128fe2962d1ad') in 0.084743 seconds 
========================================================================
Received Import Request.
  Time since last request: 0.000027 seconds.
  path: Assets/Arts/Attack_Release/普通攻击收手-1.png
  artifactKey: Guid(ecf5531b92daf8a4a85b4cee9e66dded) Importer(815301076,1909f56bfc062723c751e8b465ee728b)
Start importing Assets/Arts/Attack_Release/普通攻击收手-1.png using Guid(ecf5531b92daf8a4a85b4cee9e66dded) Importer(815301076,1909f56bfc062723c751e8b465ee728b)  -> (artifact id: '2b4fa674571d4dc95ec5ce4eb4ccf71f') in 0.092886 seconds 
========================================================================
Received Import Request.
  Time since last request: 0.000019 seconds.
  path: Assets/Arts/Attack_normal/普通攻击-3.png
  artifactKey: Guid(c0c4eda5149ead94aa5d1c29761f6f2a) Importer(815301076,1909f56bfc062723c751e8b465ee728b)
Start importing Assets/Arts/Attack_normal/普通攻击-3.png using Guid(c0c4eda5149ead94aa5d1c29761f6f2a) Importer(815301076,1909f56bfc062723c751e8b465ee728b)  -> (artifact id: '267f68566d4ea36d22f1049a53521f70') in 0.082365 seconds 
========================================================================
Received Import Request.
  Time since last request: 0.000026 seconds.
  path: Assets/Arts/Attack_normal/普通攻击-5.png
  artifactKey: Guid(0ea75fb52866547458bf5f0bb9d69887) Importer(815301076,1909f56bfc062723c751e8b465ee728b)
Start importing Assets/Arts/Attack_normal/普通攻击-5.png using Guid(0ea75fb52866547458bf5f0bb9d69887) Importer(815301076,1909f56bfc062723c751e8b465ee728b)  -> (artifact id: '4cf65f447faf476bab8421e742f8046b') in 0.085558 seconds 
========================================================================
Received Import Request.
  Time since last request: 0.000021 seconds.
  path: Assets/Arts/Attack_normal/普通攻击-12.png
  artifactKey: Guid(2651d33bf2b02fc4fb431a714122dc96) Importer(815301076,1909f56bfc062723c751e8b465ee728b)
Start importing Assets/Arts/Attack_normal/普通攻击-12.png using Guid(2651d33bf2b02fc4fb431a714122dc96) Importer(815301076,1909f56bfc062723c751e8b465ee728b)  -> (artifact id: '1137f191b04774fa471390104ebc5ee9') in 0.082879 seconds 
