Using pre-set license
Built from '2021.3/china_unity/release' branch; Version is '2021.3.6f1c1 (07401303b748) revision 475155'; Using compiler version '192829333'; Build Type 'Release'
OS: 'Windows 10  (10.0.19044) 64bit CoreCountrySpecific' Language: 'zh' Physical Memory: 32469 MB
BatchMode: 1, IsHumanControllingUs: 0, StartBugReporterOnCrash: 0, Is64bit: 1, IsPro: 1

COMMAND LINE ARGUMENTS:
C:\Program Files\Unity\Hub\Editor\2021.3.6f1c1\Editor\Unity.exe
-adb2
-batchMode
-noUpm
-name
AssetImportWorker1
-projectPath
C:/Users/MSI-NB/Documents/GitHub/HighOrderCognition
-logFile
Logs/AssetImportWorker1.log
-srvPort
59222
Successfully changed project path to: C:/Users/MSI-NB/Documents/GitHub/HighOrderCognition
C:/Users/MSI-NB/Documents/GitHub/HighOrderCognition
[UnityMemory] Configuration Parameters - Can be set up in boot.config
    "memorysetup-bucket-allocator-granularity=16"
    "memorysetup-bucket-allocator-bucket-count=8"
    "memorysetup-bucket-allocator-block-size=33554432"
    "memorysetup-bucket-allocator-block-count=8"
    "memorysetup-main-allocator-block-size=16777216"
    "memorysetup-thread-allocator-block-size=16777216"
    "memorysetup-gfx-main-allocator-block-size=16777216"
    "memorysetup-gfx-thread-allocator-block-size=16777216"
    "memorysetup-cache-allocator-block-size=4194304"
    "memorysetup-typetree-allocator-block-size=2097152"
    "memorysetup-profiler-bucket-allocator-granularity=16"
    "memorysetup-profiler-bucket-allocator-bucket-count=8"
    "memorysetup-profiler-bucket-allocator-block-size=33554432"
    "memorysetup-profiler-bucket-allocator-block-count=8"
    "memorysetup-profiler-allocator-block-size=16777216"
    "memorysetup-profiler-editor-allocator-block-size=1048576"
    "memorysetup-temp-allocator-size-main=16777216"
    "memorysetup-job-temp-allocator-block-size=2097152"
    "memorysetup-job-temp-allocator-block-size-background=1048576"
    "memorysetup-job-temp-allocator-reduction-small-platforms=262144"
    "memorysetup-temp-allocator-size-background-worker=32768"
    "memorysetup-temp-allocator-size-job-worker=262144"
    "memorysetup-temp-allocator-size-preload-manager=33554432"
    "memorysetup-temp-allocator-size-nav-mesh-worker=65536"
    "memorysetup-temp-allocator-size-audio-worker=65536"
    "memorysetup-temp-allocator-size-cloud-worker=32768"
    "memorysetup-temp-allocator-size-gi-baking-worker=262144"
    "memorysetup-temp-allocator-size-gfx=262144"
AS: AutoStreaming module initializing.
Refreshing native plugins compatible for Editor in 81.38 ms, found 4 plugins.
Preloading 0 native plugins for Editor in 0.00 ms.
Initialize engine version: 2021.3.6f1c1 (07401303b748)
[Subsystems] Discovering subsystems at path C:/Program Files/Unity/Hub/Editor/2021.3.6f1c1/Editor/Data/Resources/UnitySubsystems
[Subsystems] Discovering subsystems at path C:/Users/MSI-NB/Documents/GitHub/HighOrderCognition/Assets
GfxDevice: creating device client; threaded=0; jobified=0
Direct3D:
    Version:  Direct3D 11.0 [level 11.1]
    Renderer: NVIDIA GeForce RTX 3070 Laptop GPU (ID=0x249d)
    Vendor:   NVIDIA
    VRAM:     8044 MB
    Driver:   30.0.14.9729
Initialize mono
Mono path[0] = 'C:/Program Files/Unity/Hub/Editor/2021.3.6f1c1/Editor/Data/Managed'
Mono path[1] = 'C:/Program Files/Unity/Hub/Editor/2021.3.6f1c1/Editor/Data/MonoBleedingEdge/lib/mono/unityjit-win32'
Mono config path = 'C:/Program Files/Unity/Hub/Editor/2021.3.6f1c1/Editor/Data/MonoBleedingEdge/etc'
Using monoOptions --debugger-agent=transport=dt_socket,embedding=1,server=y,suspend=n,address=127.0.0.1:56756
Begin MonoManager ReloadAssembly
Registering precompiled unity dll's ...
Register platform support module: C:/Program Files/Unity/Hub/Editor/2021.3.6f1c1/Editor/Data/PlaybackEngines/WindowsStandaloneSupport/UnityEditor.WindowsStandalone.Extensions.dll
Registered in 0.005480 seconds.
Native extension for WindowsStandalone target not found
Refreshing native plugins compatible for Editor in 82.03 ms, found 4 plugins.
Preloading 0 native plugins for Editor in 0.00 ms.
Mono: successfully reloaded assembly
- Completed reload, in  0.569 seconds
Domain Reload Profiling:
	ReloadAssembly (569ms)
		BeginReloadAssembly (77ms)
			ExecutionOrderSort (0ms)
			DisableScriptedObjects (0ms)
			BackupInstance (0ms)
			ReleaseScriptingObjects (0ms)
			CreateAndSetChildDomain (1ms)
		EndReloadAssembly (389ms)
			LoadAssemblies (71ms)
			RebuildTransferFunctionScriptingTraits (0ms)
			SetupTypeCache (82ms)
			ReleaseScriptCaches (0ms)
			RebuildScriptCaches (24ms)
			SetupLoadedEditorAssemblies (234ms)
				LogAssemblyErrors (0ms)
				InitializePlatformSupportModulesInManaged (6ms)
				SetLoadedEditorAssemblies (0ms)
				RefreshPlugins (82ms)
				BeforeProcessingInitializeOnLoad (1ms)
				ProcessInitializeOnLoadAttributes (105ms)
				ProcessInitializeOnLoadMethodAttributes (39ms)
				AfterProcessingInitializeOnLoad (0ms)
				EditorAssembliesLoaded (0ms)
			ExecutionOrderSort2 (0ms)
			AwakeInstancesAfterBackupRestoration (0ms)
Platform modules already initialized, skipping
Registering precompiled user dll's ...
Registered in 0.012866 seconds.
Begin MonoManager ReloadAssembly
Symbol file LoadedFromMemory doesn't match image C:\Users\MSI-NB\Documents\GitHub\HighOrderCognition\Library\PackageCache\com.unity.visualscripting@1.7.8\Editor\VisualScripting.Core\Dependencies\YamlDotNet\Unity.VisualScripting.YamlDotNet.dll
Symbol file LoadedFromMemory doesn't match image C:\Users\MSI-NB\Documents\GitHub\HighOrderCognition\Library\PackageCache\com.unity.visualscripting@1.7.8\Editor\VisualScripting.Core\Dependencies\DotNetZip\Unity.VisualScripting.IonicZip.dll
Native extension for WindowsStandalone target not found
Refreshing native plugins compatible for Editor in 83.74 ms, found 4 plugins.
Preloading 0 native plugins for Editor in 0.00 ms.
Mono: successfully reloaded assembly
- Completed reload, in  1.043 seconds
Domain Reload Profiling:
	ReloadAssembly (1043ms)
		BeginReloadAssembly (97ms)
			ExecutionOrderSort (0ms)
			DisableScriptedObjects (5ms)
			BackupInstance (0ms)
			ReleaseScriptingObjects (0ms)
			CreateAndSetChildDomain (17ms)
		EndReloadAssembly (834ms)
			LoadAssemblies (85ms)
			RebuildTransferFunctionScriptingTraits (0ms)
			SetupTypeCache (213ms)
			ReleaseScriptCaches (1ms)
			RebuildScriptCaches (51ms)
			SetupLoadedEditorAssemblies (430ms)
				LogAssemblyErrors (0ms)
				InitializePlatformSupportModulesInManaged (4ms)
				SetLoadedEditorAssemblies (0ms)
				RefreshPlugins (84ms)
				BeforeProcessingInitializeOnLoad (99ms)
				ProcessInitializeOnLoadAttributes (194ms)
				ProcessInitializeOnLoadMethodAttributes (38ms)
				AfterProcessingInitializeOnLoad (11ms)
				EditorAssembliesLoaded (0ms)
			ExecutionOrderSort2 (0ms)
			AwakeInstancesAfterBackupRestoration (6ms)
Platform modules already initialized, skipping
========================================================================
Worker process is ready to serve import requests
Launched and connected shader compiler UnityShaderCompiler.exe after 0.05 seconds
Refreshing native plugins compatible for Editor in 0.68 ms, found 4 plugins.
Preloading 0 native plugins for Editor in 0.00 ms.
Unloading 4059 Unused Serialized files (Serialized files now loaded: 0)
Unloading 38 unused Assets / (55.3 KB). Loaded Objects now: 4516.
Memory consumption went from 151.1 MB to 151.0 MB.
Total: 3.048600 ms (FindLiveObjects: 0.381300 ms CreateObjectMapping: 0.134500 ms MarkObjects: 2.454900 ms  DeleteObjects: 0.076200 ms)

AssetImportParameters requested are different than current active one (requested -> active):
  custom:video-decoder-ogg-theora: a1e56fd34408186e4bbccfd4996cb3dc -> 
  custom:container-muxer-webm: aa71ff27fc2769a1b78a27578f13a17b -> 
  custom:container-demuxer-webm: 4f35f7cbe854078d1ac9338744f61a02 -> 
  custom:video-encoder-webm-vp8: eb34c28f22e8b96e1ab97ce403110664 -> 
  custom:audio-encoder-webm-vorbis: bf7c407c2cedff20999df2af8eb42d56 -> 
  custom:framework-win-MediaFoundation: 216162199b28c13a410421893ffa2e32 -> 
  custom:container-demuxer-ogg: 62fdf1f143b41e24485cea50d1cbac27 -> 
  custom:video-decoder-webm-vp8: 9c59270c3fd7afecdb556c50c9e8de78 -> 
  custom:audio-decoder-ogg-vorbis: bf7c407c2cedff20999df2af8eb42d56 -> 
========================================================================
Received Import Request.
  Time since last request: 289335.477863 seconds.
  path: Assets/Arts/Attack_Release/普通攻击收手-4.png
  artifactKey: Guid(2769de8b0f48a9f48a157c1aa6d18f87) Importer(815301076,1909f56bfc062723c751e8b465ee728b)
Start importing Assets/Arts/Attack_Release/普通攻击收手-4.png using Guid(2769de8b0f48a9f48a157c1aa6d18f87) Importer(815301076,1909f56bfc062723c751e8b465ee728b)  -> (artifact id: '6c2b530de13ac9e237ea30fa5e0321f9') in 0.210616 seconds 
========================================================================
Received Import Request.
  Time since last request: 0.000031 seconds.
  path: Assets/Arts/Attack_normal/普通攻击-8.png
  artifactKey: Guid(a0a7c19c32f578449a4df61b460c9cae) Importer(815301076,1909f56bfc062723c751e8b465ee728b)
Start importing Assets/Arts/Attack_normal/普通攻击-8.png using Guid(a0a7c19c32f578449a4df61b460c9cae) Importer(815301076,1909f56bfc062723c751e8b465ee728b)  -> (artifact id: 'f389da681a2f6ffa6649a22f377c09df') in 0.074358 seconds 
========================================================================
Received Import Request.
  Time since last request: 0.000032 seconds.
  path: Assets/Arts/Attack_normal/普通攻击-16.png
  artifactKey: Guid(00edea71c06c2664d9f132678032217a) Importer(815301076,1909f56bfc062723c751e8b465ee728b)
Start importing Assets/Arts/Attack_normal/普通攻击-16.png using Guid(00edea71c06c2664d9f132678032217a) Importer(815301076,1909f56bfc062723c751e8b465ee728b)  -> (artifact id: '57ea42fe5110ccd61739347b40246283') in 0.085649 seconds 
========================================================================
Received Import Request.
  Time since last request: 0.000027 seconds.
  path: Assets/Arts/Attack_normal/普通攻击-20.png
  artifactKey: Guid(c887f737449641741b2d0a54e3a1dfe1) Importer(815301076,1909f56bfc062723c751e8b465ee728b)
Start importing Assets/Arts/Attack_normal/普通攻击-20.png using Guid(c887f737449641741b2d0a54e3a1dfe1) Importer(815301076,1909f56bfc062723c751e8b465ee728b)  -> (artifact id: '994510e00a2e13953050109394d43435') in 0.094381 seconds 
========================================================================
Received Import Request.
  Time since last request: 0.000046 seconds.
  path: Assets/Arts/Attack_Release/普通攻击收手-5.png
  artifactKey: Guid(40855bcdd62d72d4ba7c43dc8b6227b0) Importer(815301076,1909f56bfc062723c751e8b465ee728b)
Start importing Assets/Arts/Attack_Release/普通攻击收手-5.png using Guid(40855bcdd62d72d4ba7c43dc8b6227b0) Importer(815301076,1909f56bfc062723c751e8b465ee728b)  -> (artifact id: '9ad3b3430675d1e140402d58ec284750') in 0.095772 seconds 
========================================================================
Received Import Request.
  Time since last request: 0.000029 seconds.
  path: Assets/Arts/Attack_normal/普通攻击-19.png
  artifactKey: Guid(0ed04626c480f1a4b87f447d8510a7b4) Importer(815301076,1909f56bfc062723c751e8b465ee728b)
Start importing Assets/Arts/Attack_normal/普通攻击-19.png using Guid(0ed04626c480f1a4b87f447d8510a7b4) Importer(815301076,1909f56bfc062723c751e8b465ee728b)  -> (artifact id: 'd91749348cb1669844255e7a258720de') in 0.085353 seconds 
========================================================================
Received Import Request.
  Time since last request: 0.000041 seconds.
  path: Assets/Arts/Attack_normal/普通攻击-18.png
  artifactKey: Guid(a5735aa6b1b70a34fb1450bb77780082) Importer(815301076,1909f56bfc062723c751e8b465ee728b)
Start importing Assets/Arts/Attack_normal/普通攻击-18.png using Guid(a5735aa6b1b70a34fb1450bb77780082) Importer(815301076,1909f56bfc062723c751e8b465ee728b)  -> (artifact id: 'aa75a9a878c113afd310e9a043f5a696') in 0.085989 seconds 
========================================================================
Received Import Request.
  Time since last request: 0.000039 seconds.
  path: Assets/Arts/Attack_normal/普通攻击-11.png
  artifactKey: Guid(03ad746211a0d8a41a8147cc010bfcbc) Importer(815301076,1909f56bfc062723c751e8b465ee728b)
Start importing Assets/Arts/Attack_normal/普通攻击-11.png using Guid(03ad746211a0d8a41a8147cc010bfcbc) Importer(815301076,1909f56bfc062723c751e8b465ee728b)  -> (artifact id: '11b92e9bbc84ee231eeb58061fb62d58') in 0.084049 seconds 
========================================================================
Received Import Request.
  Time since last request: 0.000022 seconds.
  path: Assets/Arts/Attack_normal/普通攻击-4.png
  artifactKey: Guid(f2f3f4c624fe30249a7b2e7fbe3818b7) Importer(815301076,1909f56bfc062723c751e8b465ee728b)
Start importing Assets/Arts/Attack_normal/普通攻击-4.png using Guid(f2f3f4c624fe30249a7b2e7fbe3818b7) Importer(815301076,1909f56bfc062723c751e8b465ee728b)  -> (artifact id: '7a9a78f8366f6fba2cb4cd65b7bafd60') in 0.081199 seconds 
